<?xml version="1.0" encoding="UTF-8"?>
<testsuite xmlns:xsi="http://www.w3.org/2001/XMLSchema-instance" xsi:noNamespaceSchemaLocation="https://maven.apache.org/surefire/maven-surefire-plugin/xsd/surefire-test-report-3.0.xsd" version="3.0" name="LoginPageTest" time="13.347" tests="3" errors="0" skipped="0" failures="0">
  <properties>
[...]
</properties>
  <testcase name="createAccountButtonClick" classname="LoginPageTest" time="7.667"/>
  <testcase name="loginWithIncorrectCreds" classname="LoginPageTest" time="7.321"/>
  <testcase name="loginWithEmptyCreds" classname="LoginPageTest" time="6.002"/>
</testsuite>